{"/Users/jackadmin/Documents/github/markdownly/src/actions/documentActions.js": {"path":"/Users/jackadmin/Documents/github/markdownly/src/actions/documentActions.js","statementMap":{"0":{"start":{"line":1,"column":31},"end":{"line":1,"column":48}},"1":{"start":{"line":2,"column":30},"end":{"line":5,"column":2}},"2":{"start":{"line":2,"column":45},"end":{"line":5,"column":1}},"3":{"start":{"line":7,"column":28},"end":{"line":7,"column":42}},"4":{"start":{"line":8,"column":27},"end":{"line":11,"column":2}},"5":{"start":{"line":8,"column":39},"end":{"line":11,"column":1}}},"fnMap":{"0":{"name":"(anonymous_0)","decl":{"start":{"line":2,"column":30},"end":{"line":2,"column":31}},"loc":{"start":{"line":2,"column":45},"end":{"line":5,"column":1}},"line":2},"1":{"name":"(anonymous_1)","decl":{"start":{"line":8,"column":27},"end":{"line":8,"column":28}},"loc":{"start":{"line":8,"column":39},"end":{"line":11,"column":1}},"line":8}},"branchMap":{},"s":{"0":2,"1":2,"2":2,"3":2,"4":2,"5":2},"f":{"0":2,"1":2},"b":{},"_coverageSchema":"43e27e138ebf9cfc5966b082cf9a028302ed4184","hash":"14e2346123612cccd28f913543e5a4c315c378c3"}
,"/Users/jackadmin/Documents/github/markdownly/src/components/controls/DocumentForm.js": {"path":"/Users/jackadmin/Documents/github/markdownly/src/components/controls/DocumentForm.js","statementMap":{"0":{"start":{"line":4,"column":21},"end":{"line":11,"column":1}},"1":{"start":{"line":5,"column":2},"end":{"line":10,"column":4}},"2":{"start":{"line":6,"column":25},"end":{"line":6,"column":52}},"3":{"start":{"line":13,"column":0},"end":{"line":17,"column":2}}},"fnMap":{"0":{"name":"(anonymous_0)","decl":{"start":{"line":4,"column":21},"end":{"line":4,"column":22}},"loc":{"start":{"line":4,"column":69},"end":{"line":11,"column":1}},"line":4},"1":{"name":"(anonymous_1)","decl":{"start":{"line":6,"column":20},"end":{"line":6,"column":21}},"loc":{"start":{"line":6,"column":25},"end":{"line":6,"column":52}},"line":6}},"branchMap":{},"s":{"0":2,"1":1,"2":0,"3":2},"f":{"0":1,"1":0},"b":{},"_coverageSchema":"43e27e138ebf9cfc5966b082cf9a028302ed4184","hash":"aa641d4b54de542a83e096671f505f626dd8f1b7"}
,"/Users/jackadmin/Documents/github/markdownly/src/components/controls/DocumentList.js": {"path":"/Users/jackadmin/Documents/github/markdownly/src/components/controls/DocumentList.js","statementMap":{"0":{"start":{"line":5,"column":21},"end":{"line":21,"column":1}},"1":{"start":{"line":7,"column":23},"end":{"line":11,"column":4}},"2":{"start":{"line":8,"column":4},"end":{"line":10,"column":9}},"3":{"start":{"line":13,"column":2},"end":{"line":20,"column":4}},"4":{"start":{"line":23,"column":0},"end":{"line":28,"column":2}}},"fnMap":{"0":{"name":"(anonymous_0)","decl":{"start":{"line":5,"column":21},"end":{"line":5,"column":22}},"loc":{"start":{"line":5,"column":84},"end":{"line":21,"column":1}},"line":5},"1":{"name":"(anonymous_1)","decl":{"start":{"line":7,"column":37},"end":{"line":7,"column":38}},"loc":{"start":{"line":8,"column":4},"end":{"line":10,"column":9}},"line":8}},"branchMap":{},"s":{"0":1,"1":1,"2":0,"3":1,"4":1},"f":{"0":1,"1":0},"b":{},"_coverageSchema":"43e27e138ebf9cfc5966b082cf9a028302ed4184","hash":"697f93edfebc97ff9be03a63116720413e1dc599"}
,"/Users/jackadmin/Documents/github/markdownly/src/reducers/documentReducer.js": {"path":"/Users/jackadmin/Documents/github/markdownly/src/reducers/documentReducer.js","statementMap":{"0":{"start":{"line":3,"column":21},"end":{"line":11,"column":1}},"1":{"start":{"line":14,"column":2},"end":{"line":31,"column":3}},"2":{"start":{"line":16,"column":6},"end":{"line":23,"column":8}},"3":{"start":{"line":25,"column":6},"end":{"line":28,"column":8}},"4":{"start":{"line":30,"column":6},"end":{"line":30,"column":19}}},"fnMap":{"0":{"name":"reducer","decl":{"start":{"line":13,"column":24},"end":{"line":13,"column":31}},"loc":{"start":{"line":13,"column":62},"end":{"line":32,"column":1}},"line":13}},"branchMap":{"0":{"loc":{"start":{"line":13,"column":32},"end":{"line":13,"column":52}},"type":"default-arg","locations":[{"start":{"line":13,"column":40},"end":{"line":13,"column":52}}],"line":13},"1":{"loc":{"start":{"line":14,"column":2},"end":{"line":31,"column":3}},"type":"switch","locations":[{"start":{"line":15,"column":4},"end":{"line":23,"column":8}},{"start":{"line":24,"column":4},"end":{"line":28,"column":8}},{"start":{"line":29,"column":4},"end":{"line":30,"column":19}}],"line":14}},"s":{"0":1,"1":3,"2":1,"3":1,"4":1},"f":{"0":3},"b":{"0":[0],"1":[1,1,1]},"_coverageSchema":"43e27e138ebf9cfc5966b082cf9a028302ed4184","hash":"8a09db8737b4c2474232bed60e7d9ba4a3d4eb9d"}
,"/Users/jackadmin/Documents/github/markdownly/src/selectors/documentSelector.js": {"path":"/Users/jackadmin/Documents/github/markdownly/src/selectors/documentSelector.js","statementMap":{"0":{"start":{"line":1,"column":32},"end":{"line":1,"column":56}},"1":{"start":{"line":1,"column":41},"end":{"line":1,"column":56}},"2":{"start":{"line":2,"column":32},"end":{"line":2,"column":61}},"3":{"start":{"line":2,"column":41},"end":{"line":2,"column":61}},"4":{"start":{"line":3,"column":34},"end":{"line":3,"column":99}},"5":{"start":{"line":3,"column":43},"end":{"line":3,"column":99}},"6":{"start":{"line":4,"column":27},"end":{"line":4,"column":70}},"7":{"start":{"line":4,"column":36},"end":{"line":4,"column":70}},"8":{"start":{"line":5,"column":37},"end":{"line":5,"column":77}},"9":{"start":{"line":5,"column":46},"end":{"line":5,"column":77}}},"fnMap":{"0":{"name":"(anonymous_0)","decl":{"start":{"line":1,"column":32},"end":{"line":1,"column":33}},"loc":{"start":{"line":1,"column":41},"end":{"line":1,"column":56}},"line":1},"1":{"name":"(anonymous_1)","decl":{"start":{"line":2,"column":32},"end":{"line":2,"column":33}},"loc":{"start":{"line":2,"column":41},"end":{"line":2,"column":61}},"line":2},"2":{"name":"(anonymous_2)","decl":{"start":{"line":3,"column":34},"end":{"line":3,"column":35}},"loc":{"start":{"line":3,"column":43},"end":{"line":3,"column":99}},"line":3},"3":{"name":"(anonymous_3)","decl":{"start":{"line":4,"column":27},"end":{"line":4,"column":28}},"loc":{"start":{"line":4,"column":36},"end":{"line":4,"column":70}},"line":4},"4":{"name":"(anonymous_4)","decl":{"start":{"line":5,"column":37},"end":{"line":5,"column":38}},"loc":{"start":{"line":5,"column":46},"end":{"line":5,"column":77}},"line":5}},"branchMap":{},"s":{"0":1,"1":1,"2":1,"3":3,"4":1,"5":2,"6":1,"7":1,"8":1,"9":1},"f":{"0":1,"1":3,"2":2,"3":1,"4":1},"b":{},"_coverageSchema":"43e27e138ebf9cfc5966b082cf9a028302ed4184","hash":"9936b4afe415a262297712ccfbbea480246d6f74"}
}
