TN:
SF:/Users/jackadmin/Documents/github/markdownly/src/actions/documentActions.js
FN:2,(anonymous_0)
FN:8,(anonymous_1)
FNF:2
FNH:2
FNDA:2,(anonymous_0)
FNDA:2,(anonymous_1)
DA:1,2
DA:2,2
DA:7,2
DA:8,2
LF:4
LH:4
BRF:0
BRH:0
end_of_record
TN:
SF:/Users/jackadmin/Documents/github/markdownly/src/components/controls/DocumentForm.js
FN:4,(anonymous_0)
FN:6,(anonymous_1)
FNF:2
FNH:1
FNDA:1,(anonymous_0)
FNDA:0,(anonymous_1)
DA:4,2
DA:5,1
DA:6,0
DA:13,2
LF:4
LH:3
BRF:0
BRH:0
end_of_record
TN:
SF:/Users/jackadmin/Documents/github/markdownly/src/components/controls/DocumentList.js
FN:5,(anonymous_0)
FN:7,(anonymous_1)
FNF:2
FNH:1
FNDA:1,(anonymous_0)
FNDA:0,(anonymous_1)
DA:5,1
DA:7,1
DA:8,0
DA:13,1
DA:23,1
LF:5
LH:4
BRF:0
BRH:0
end_of_record
TN:
SF:/Users/jackadmin/Documents/github/markdownly/src/reducers/documentReducer.js
FN:13,reducer
FNF:1
FNH:1
FNDA:3,reducer
DA:3,1
DA:14,3
DA:16,1
DA:25,1
DA:30,1
LF:5
LH:5
BRDA:13,0,0,0
BRDA:14,1,0,1
BRDA:14,1,1,1
BRDA:14,1,2,1
BRF:4
BRH:3
end_of_record
TN:
SF:/Users/jackadmin/Documents/github/markdownly/src/selectors/documentSelector.js
FN:1,(anonymous_0)
FN:2,(anonymous_1)
FN:3,(anonymous_2)
FN:4,(anonymous_3)
FN:5,(anonymous_4)
FNF:5
FNH:5
FNDA:1,(anonymous_0)
FNDA:3,(anonymous_1)
FNDA:2,(anonymous_2)
FNDA:1,(anonymous_3)
FNDA:1,(anonymous_4)
DA:1,1
DA:2,3
DA:3,2
DA:4,1
DA:5,1
LF:5
LH:5
BRF:0
BRH:0
end_of_record
